#
# There is insufficient memory for the Java Runtime Environment to continue.
# Native memory allocation (malloc) failed to allocate 1344656 bytes. Error detail: Chunk::new
# Possible reasons:
#   The system is out of physical RAM or swap space
#   This process is running with CompressedOops enabled, and the Java Heap may be blocking the growth of the native heap
# Possible solutions:
#   Reduce memory load on the system
#   Increase physical memory or swap space
#   Check if swap backing store is full
#   Decrease Java heap size (-Xmx/-Xms)
#   Decrease number of Java threads
#   Decrease Java thread stack sizes (-Xss)
#   Set larger code cache with -XX:ReservedCodeCacheSize=
#   JVM is running with Unscaled Compressed Oops mode in which the Java heap is
#     placed in the first 4GB address space. The Java Heap base address is the
#     maximum limit for the native heap growth. Please use -XX:HeapBaseMinAddress
#     to set the Java Heap base and to place the Java Heap above 4GB virtual address.
# This output file may be truncated or incomplete.
#
#  Out of Memory Error (arena.cpp:168), pid=25776, tid=11484
#
# JRE version: OpenJDK Runtime Environment Temurin-21.0.8+9 (21.0.8+9) (build 21.0.8+9-LTS)
# Java VM: OpenJDK 64-Bit Server VM Temurin-21.0.8+9 (21.0.8+9-LTS, mixed mode, sharing, tiered, compressed oops, compressed class ptrs, parallel gc, windows-amd64)
# No core dump will be written. Minidumps are not enabled by default on client versions of Windows
#

---------------  S U M M A R Y ------------

Command Line: --add-modules=ALL-SYSTEM --add-opens=java.base/java.util=ALL-UNNAMED --add-opens=java.base/java.lang=ALL-UNNAMED --add-opens=java.base/sun.nio.fs=ALL-UNNAMED -Declipse.application=org.eclipse.jdt.ls.core.id1 -Dosgi.bundles.defaultStartLevel=4 -Declipse.product=org.eclipse.jdt.ls.core.product -Djava.import.generatesMetadataFilesAtProjectRoot=false -DDetectVMInstallationsJob.disabled=true -Dfile.encoding=utf8 -XX:+UseParallelGC -XX:GCTimeRatio=4 -XX:AdaptiveSizePolicyWeight=90 -Dsun.zip.disableMemoryMapping=true -Xmx2G -Xms100m -Xlog:disable -javaagent:c:\Users\bryan\.vscode\extensions\redhat.java-1.47.0-win32-x64\lombok\lombok-1.18.39-4050.jar -XX:+HeapDumpOnOutOfMemoryError -XX:HeapDumpPath=c:\Users\bryan\AppData\Roaming\Code\User\workspaceStorage\362f47b72d767cba949bed78ad5ca040\redhat.java -Daether.dependencyCollector.impl=bf c:\Users\bryan\.vscode\extensions\redhat.java-1.47.0-win32-x64\server\plugins\org.eclipse.equinox.launcher_1.7.100.v20251014-1222.jar -configuration c:\Users\bryan\AppData\Roaming\Code\User\globalStorage\redhat.java\1.47.0\config_win -data c:\Users\bryan\AppData\Roaming\Code\User\workspaceStorage\362f47b72d767cba949bed78ad5ca040\redhat.java\jdt_ws --pipe=\\.\pipe\lsp-8f5c5bc3b3089fde9e11cac3f56e0834-sock

Host: AMD Ryzen 5 5500U with Radeon Graphics         , 12 cores, 7G,  Windows 11 , 64 bit Build 26100 (10.0.26100.7019)
Time: Thu Nov 13 19:21:45 2025 Hora estándar central (México) elapsed time: 1891.887101 seconds (0d 0h 31m 31s)

---------------  T H R E A D  ---------------

Current thread (0x0000021f47678480):  JavaThread "C2 CompilerThread0" daemon [_thread_in_native, id=11484, stack(0x000000a345400000,0x000000a345500000) (1024K)]


Current CompileTask:
C2:1891887 14796       4       com.google.gson.internal.bind.TypeAdapterRuntimeTypeWrapper::write (80 bytes)

Stack: [0x000000a345400000,0x000000a345500000]
Native frames: (J=compiled Java code, j=interpreted, Vv=VM code, C=native code)
V  [jvm.dll+0x6d2449]
V  [jvm.dll+0x8ae341]
V  [jvm.dll+0x8b08be]
V  [jvm.dll+0x8b0fa3]
V  [jvm.dll+0x280c96]
V  [jvm.dll+0xc581d]
V  [jvm.dll+0xc5d53]
V  [jvm.dll+0x3b9162]
V  [jvm.dll+0x1e1409]
V  [jvm.dll+0x249022]
V  [jvm.dll+0x2484af]
V  [jvm.dll+0x1c89ee]
V  [jvm.dll+0x257d4d]
V  [jvm.dll+0x2562ea]
V  [jvm.dll+0x3f2d16]
V  [jvm.dll+0x857e6b]
V  [jvm.dll+0x6d0b0d]
C  [ucrtbase.dll+0x37b0]
C  [KERNEL32.DLL+0x2e8d7]
C  [ntdll.dll+0x8c53c]


---------------  P R O C E S S  ---------------

Threads class SMR info:
_java_thread_list=0x0000021f6a103980, length=44, elements={
0x0000021f476e4110, 0x0000021f47669630, 0x0000021f4766ebc0, 0x0000021f4766ffb0,
0x0000021f47670a00, 0x0000021f47674fe0, 0x0000021f47675640, 0x0000021f47678480,
0x0000021f5f43d4f0, 0x0000021f4774dc00, 0x0000021f5f70dea0, 0x0000021f650c1310,
0x0000021f5f707e00, 0x0000021f5f708c70, 0x0000021f606e7f30, 0x0000021f65368d00,
0x0000021f652ab7f0, 0x0000021f6546ffd0, 0x0000021f65470cf0, 0x0000021f6546ec20,
0x0000021f670b2050, 0x0000021f670af8f0, 0x0000021f670b26e0, 0x0000021f670b1330,
0x0000021f670aff80, 0x0000021f670b0610, 0x0000021f670b19c0, 0x0000021f670b2d70,
0x0000021f669d86b0, 0x0000021f669d8d40, 0x0000021f669d8020, 0x0000021f669d93d0,
0x0000021f669d9a60, 0x0000021f669d7300, 0x0000021f669da0f0, 0x0000021f669da780,
0x0000021f67388000, 0x0000021f670730a0, 0x0000021f67072a10, 0x0000021f67070fd0,
0x0000021f67071660, 0x0000021f67072380, 0x0000021f6706fc20, 0x0000021f67071cf0
}

Java Threads: ( => current thread )
  0x0000021f476e4110 JavaThread "main"                              [_thread_blocked, id=20708, stack(0x000000a344a00000,0x000000a344b00000) (1024K)]
  0x0000021f47669630 JavaThread "Reference Handler"          daemon [_thread_blocked, id=25204, stack(0x000000a344e00000,0x000000a344f00000) (1024K)]
  0x0000021f4766ebc0 JavaThread "Finalizer"                  daemon [_thread_blocked, id=29196, stack(0x000000a344f00000,0x000000a345000000) (1024K)]
  0x0000021f4766ffb0 JavaThread "Signal Dispatcher"          daemon [_thread_blocked, id=20472, stack(0x000000a345000000,0x000000a345100000) (1024K)]
  0x0000021f47670a00 JavaThread "Attach Listener"            daemon [_thread_blocked, id=23724, stack(0x000000a345100000,0x000000a345200000) (1024K)]
  0x0000021f47674fe0 JavaThread "Service Thread"             daemon [_thread_blocked, id=26768, stack(0x000000a345200000,0x000000a345300000) (1024K)]
  0x0000021f47675640 JavaThread "Monitor Deflation Thread"   daemon [_thread_blocked, id=15348, stack(0x000000a345300000,0x000000a345400000) (1024K)]
=>0x0000021f47678480 JavaThread "C2 CompilerThread0"         daemon [_thread_in_native, id=11484, stack(0x000000a345400000,0x000000a345500000) (1024K)]
  0x0000021f5f43d4f0 JavaThread "C1 CompilerThread0"         daemon [_thread_blocked, id=24700, stack(0x000000a345500000,0x000000a345600000) (1024K)]
  0x0000021f4774dc00 JavaThread "Common-Cleaner"             daemon [_thread_blocked, id=25436, stack(0x000000a345600000,0x000000a345700000) (1024K)]
  0x0000021f5f70dea0 JavaThread "Notification Thread"        daemon [_thread_blocked, id=29088, stack(0x000000a345800000,0x000000a345900000) (1024K)]
  0x0000021f650c1310 JavaThread "Active Thread: Equinox Container: 8715eec0-034b-4562-8bfb-c247c8c96118"        [_thread_blocked, id=10980, stack(0x000000a345700000,0x000000a345800000) (1024K)]
  0x0000021f5f707e00 JavaThread "Refresh Thread: Equinox Container: 8715eec0-034b-4562-8bfb-c247c8c96118" daemon [_thread_blocked, id=28560, stack(0x000000a345f00000,0x000000a346000000) (1024K)]
  0x0000021f5f708c70 JavaThread "Framework Event Dispatcher: Equinox Container: 8715eec0-034b-4562-8bfb-c247c8c96118" daemon [_thread_blocked, id=11280, stack(0x000000a346100000,0x000000a346200000) (1024K)]
  0x0000021f606e7f30 JavaThread "Start Level: Equinox Container: 8715eec0-034b-4562-8bfb-c247c8c96118" daemon [_thread_blocked, id=4148, stack(0x000000a346200000,0x000000a346300000) (1024K)]
  0x0000021f65368d00 JavaThread "Bundle File Closer"         daemon [_thread_blocked, id=20864, stack(0x000000a346600000,0x000000a346700000) (1024K)]
  0x0000021f652ab7f0 JavaThread "SCR Component Actor"        daemon [_thread_blocked, id=23292, stack(0x000000a346500000,0x000000a346600000) (1024K)]
  0x0000021f6546ffd0 JavaThread "Worker-JM"                         [_thread_blocked, id=13040, stack(0x000000a346800000,0x000000a346900000) (1024K)]
  0x0000021f65470cf0 JavaThread "Java indexing"              daemon [_thread_blocked, id=4536, stack(0x000000a346b00000,0x000000a346c00000) (1024K)]
  0x0000021f6546ec20 JavaThread "JNA Cleaner"                daemon [_thread_blocked, id=22700, stack(0x000000a346f00000,0x000000a347000000) (1024K)]
  0x0000021f670b2050 JavaThread "Thread-1"                   daemon [_thread_in_native, id=17520, stack(0x000000a347400000,0x000000a347500000) (1024K)]
  0x0000021f670af8f0 JavaThread "Thread-2"                   daemon [_thread_in_native, id=26384, stack(0x000000a347500000,0x000000a347600000) (1024K)]
  0x0000021f670b26e0 JavaThread "Thread-3"                   daemon [_thread_in_native, id=21296, stack(0x000000a347600000,0x000000a347700000) (1024K)]
  0x0000021f670b1330 JavaThread "Thread-4"                   daemon [_thread_in_native, id=5480, stack(0x000000a347700000,0x000000a347800000) (1024K)]
  0x0000021f670aff80 JavaThread "Thread-5"                   daemon [_thread_in_native, id=30668, stack(0x000000a347800000,0x000000a347900000) (1024K)]
  0x0000021f670b0610 JavaThread "Thread-6"                   daemon [_thread_in_native, id=25792, stack(0x000000a347900000,0x000000a347a00000) (1024K)]
  0x0000021f670b19c0 JavaThread "Thread-7"                   daemon [_thread_in_native, id=19308, stack(0x000000a347a00000,0x000000a347b00000) (1024K)]
  0x0000021f670b2d70 JavaThread "Thread-8"                   daemon [_thread_in_native, id=17292, stack(0x000000a347b00000,0x000000a347c00000) (1024K)]
  0x0000021f669d86b0 JavaThread "Thread-9"                   daemon [_thread_in_native, id=27916, stack(0x000000a347c00000,0x000000a347d00000) (1024K)]
  0x0000021f669d8d40 JavaThread "Thread-10"                  daemon [_thread_in_native, id=15572, stack(0x000000a347d00000,0x000000a347e00000) (1024K)]
  0x0000021f669d8020 JavaThread "Thread-11"                  daemon [_thread_in_native, id=9684, stack(0x000000a347e00000,0x000000a347f00000) (1024K)]
  0x0000021f669d93d0 JavaThread "Thread-12"                  daemon [_thread_in_native, id=9976, stack(0x000000a347f00000,0x000000a348000000) (1024K)]
  0x0000021f669d9a60 JavaThread "Thread-13"                  daemon [_thread_in_native, id=3180, stack(0x000000a348000000,0x000000a348100000) (1024K)]
  0x0000021f669d7300 JavaThread "pool-2-thread-1"                   [_thread_blocked, id=22160, stack(0x000000a348100000,0x000000a348200000) (1024K)]
  0x0000021f669da0f0 JavaThread "WorkspaceEventsHandler"            [_thread_blocked, id=9532, stack(0x000000a348200000,0x000000a348300000) (1024K)]
  0x0000021f669da780 JavaThread "pool-1-thread-1"                   [_thread_blocked, id=23580, stack(0x000000a348300000,0x000000a348400000) (1024K)]
  0x0000021f67388000 JavaThread "Worker-6"                          [_thread_blocked, id=31400, stack(0x000000a346c00000,0x000000a346d00000) (1024K)]
  0x0000021f670730a0 JavaThread "Worker-8"                          [_thread_blocked, id=22028, stack(0x000000a344900000,0x000000a344a00000) (1024K)]
  0x0000021f67072a10 JavaThread "Java Debug Server"          daemon [_thread_in_native, id=25872, stack(0x000000a346a00000,0x000000a346b00000) (1024K)]
  0x0000021f67070fd0 JavaThread "RxSchedulerPurge-1"         daemon [_thread_blocked, id=22936, stack(0x000000a346e00000,0x000000a346f00000) (1024K)]
  0x0000021f67071660 JavaThread "RxCachedWorkerPoolEvictor-1" daemon [_thread_blocked, id=30996, stack(0x000000a347000000,0x000000a347100000) (1024K)]
  0x0000021f67072380 JavaThread "ForkJoinPool.commonPool-worker-22" daemon [_thread_blocked, id=15700, stack(0x000000a344800000,0x000000a344900000) (1024K)]
  0x0000021f6706fc20 JavaThread "ForkJoinPool.commonPool-worker-23" daemon [_thread_blocked, id=32012, stack(0x000000a346700000,0x000000a346800000) (1024K)]
  0x0000021f67071cf0 JavaThread "ForkJoinPool.commonPool-worker-24" daemon [_thread_blocked, id=32044, stack(0x000000a346900000,0x000000a346a00000) (1024K)]
Total: 44

Other Threads:
  0x0000021f4777a820 VMThread "VM Thread"                           [id=32376, stack(0x000000a344d00000,0x000000a344e00000) (1024K)]
  0x0000021f4755ca00 WatcherThread "VM Periodic Task Thread"        [id=5204, stack(0x000000a344c00000,0x000000a344d00000) (1024K)]
  0x0000021f476fc590 WorkerThread "GC Thread#0"                     [id=16256, stack(0x000000a344b00000,0x000000a344c00000) (1024K)]
  0x0000021f6067b710 WorkerThread "GC Thread#1"                     [id=13364, stack(0x000000a345900000,0x000000a345a00000) (1024K)]
  0x0000021f651da010 WorkerThread "GC Thread#2"                     [id=25868, stack(0x000000a345a00000,0x000000a345b00000) (1024K)]
  0x0000021f651da3b0 WorkerThread "GC Thread#3"                     [id=28776, stack(0x000000a345b00000,0x000000a345c00000) (1024K)]
  0x0000021f651da750 WorkerThread "GC Thread#4"                     [id=17220, stack(0x000000a345c00000,0x000000a345d00000) (1024K)]
  0x0000021f609a05e0 WorkerThread "GC Thread#5"                     [id=26424, stack(0x000000a345d00000,0x000000a345e00000) (1024K)]
  0x0000021f609a0980 WorkerThread "GC Thread#6"                     [id=13376, stack(0x000000a345e00000,0x000000a345f00000) (1024K)]
  0x0000021f650a9400 WorkerThread "GC Thread#7"                     [id=26428, stack(0x000000a346000000,0x000000a346100000) (1024K)]
  0x0000021f654347c0 WorkerThread "GC Thread#8"                     [id=18652, stack(0x000000a346300000,0x000000a346400000) (1024K)]
  0x0000021f65434b60 WorkerThread "GC Thread#9"                     [id=18560, stack(0x000000a346400000,0x000000a346500000) (1024K)]
Total: 12

Threads with active compile tasks:
C2 CompilerThread0  1891993 14796       4       com.google.gson.internal.bind.TypeAdapterRuntimeTypeWrapper::write (80 bytes)
Total: 1

VM state: not at safepoint (normal execution)

VM Mutex/Monitor currently owned by a thread: None

Heap address: 0x0000000080000000, size: 2048 MB, Compressed Oops mode: 32-bit

CDS archive(s) mapped at: [0x0000021f00000000-0x0000021f00ba0000-0x0000021f00ba0000), size 12189696, SharedBaseAddress: 0x0000021f00000000, ArchiveRelocationMode: 1.
Compressed class space mapped at: 0x0000021f01000000-0x0000021f41000000, reserved size: 1073741824
Narrow klass base: 0x0000021f00000000, Narrow klass shift: 0, Narrow klass range: 0x100000000

GC Precious Log:
 CardTable entry size: 512
 CPUs: 12 total, 12 available
 Memory: 7530M
 Large Page Support: Disabled
 NUMA Support: Disabled
 Compressed Oops: Enabled (32-bit)
 Alignments: Space 512K, Generation 512K, Heap 2M
 Heap Min Capacity: 100M
 Heap Initial Capacity: 100M
 Heap Max Capacity: 2G
 Pre-touch: Disabled
 Parallel Workers: 10

Heap:
 PSYoungGen      total 17920K, used 10723K [0x00000000d5580000, 0x00000000d6a00000, 0x0000000100000000)
  eden space 15872K, 64% used [0x00000000d5580000,0x00000000d5f70c08,0x00000000d6500000)
  from space 2048K, 26% used [0x00000000d6600000,0x00000000d6688020,0x00000000d6800000)
  to   space 1024K, 0% used [0x00000000d6900000,0x00000000d6900000,0x00000000d6a00000)
 ParOldGen       total 923648K, used 923199K [0x0000000080000000, 0x00000000b8600000, 0x00000000d5580000)
  object space 923648K, 99% used [0x0000000080000000,0x00000000b858fd60,0x00000000b8600000)
 Metaspace       used 77673K, committed 79424K, reserved 1179648K
  class space    used 8350K, committed 9088K, reserved 1048576K

Card table byte_map: [0x0000021f47070000,0x0000021f47480000] _byte_map_base: 0x0000021f46c70000

Marking Bits: (ParMarkBitMap*) 0x00007ffeaf1fa340
 Begin Bits: [0x0000021f59b70000, 0x0000021f5bb70000)
 End Bits:   [0x0000021f5bb70000, 0x0000021f5db70000)

Polling page: 0x0000021f45510000

Metaspace:

Usage:
  Non-class:     67.70 MB used.
      Class:      8.15 MB used.
       Both:     75.85 MB used.

Virtual space:
  Non-class space:      128.00 MB reserved,      68.69 MB ( 54%) committed,  2 nodes.
      Class space:        1.00 GB reserved,       8.88 MB ( <1%) committed,  1 nodes.
             Both:        1.12 GB reserved,      77.56 MB (  7%) committed. 

Chunk freelists:
   Non-Class:  10.44 MB
       Class:  7.06 MB
        Both:  17.50 MB

MaxMetaspaceSize: unlimited
CompressedClassSpaceSize: 1.00 GB
Initial GC threshold: 21.00 MB
Current GC threshold: 97.31 MB
CDS: on
 - commit_granule_bytes: 65536.
 - commit_granule_words: 8192.
 - virtual_space_node_default_size: 8388608.
 - enlarge_chunks_in_place: 1.
 - use_allocation_guard: 0.


Internal statistics:

num_allocs_failed_limit: 9.
num_arena_births: 1458.
num_arena_deaths: 48.
num_vsnodes_births: 3.
num_vsnodes_deaths: 0.
num_space_committed: 1241.
num_space_uncommitted: 0.
num_chunks_returned_to_freelist: 71.
num_chunks_taken_from_freelist: 5001.
num_chunk_merges: 15.
num_chunk_splits: 3063.
num_chunks_enlarged: 1742.
num_inconsistent_stats: 0.

CodeHeap 'non-profiled nmethods': size=120000Kb used=12064Kb max_used=12064Kb free=107936Kb
 bounds [0x0000021f52390000, 0x0000021f52f60000, 0x0000021f598c0000]
CodeHeap 'profiled nmethods': size=120000Kb used=31894Kb max_used=31894Kb free=88105Kb
 bounds [0x0000021f4a8c0000, 0x0000021f4c7f0000, 0x0000021f51df0000]
CodeHeap 'non-nmethods': size=5760Kb used=1498Kb max_used=1535Kb free=4261Kb
 bounds [0x0000021f51df0000, 0x0000021f52060000, 0x0000021f52390000]
CodeCache: size=245760Kb, used=45456Kb, max_used=45493Kb, free=200302Kb
 total_blobs=14809, nmethods=13984, adapters=730, full_count=0
Compilation: enabled, stopped_count=0, restarted_count=0

Compilation events (20 events):
Event: 1888.746 Thread 0x0000021f5f43d4f0 14788       1       org.eclipse.jdt.internal.core.SourceMethod::getElementType (3 bytes)
Event: 1888.746 Thread 0x0000021f5f43d4f0 nmethod 14788 0x0000021f52f4aa90 code [0x0000021f52f4ac20, 0x0000021f52f4ace8]
Event: 1888.891 Thread 0x0000021f5f43d4f0 14790       3       com.google.gson.stream.JsonWriter::alwaysCreatesValidJsonNumber (61 bytes)
Event: 1888.894 Thread 0x0000021f5f43d4f0 nmethod 14790 0x0000021f4c7d8f90 code [0x0000021f4c7d9140, 0x0000021f4c7d9418]
Event: 1888.940 Thread 0x0000021f5f43d4f0 14791   !   3       com.google.gson.Gson::fromJson (264 bytes)
Event: 1888.997 Thread 0x0000021f5f43d4f0 nmethod 14791 0x0000021f4c7d9490 code [0x0000021f4c7d99e0, 0x0000021f4c7dbeb8]
Event: 1889.003 Thread 0x0000021f47678480 nmethod 14784 0x0000021f52f4ad90 code [0x0000021f52f4b0e0, 0x0000021f52f4cc20]
Event: 1889.005 Thread 0x0000021f47678480 14789   !   4       com.google.gson.internal.bind.ReflectiveTypeAdapterFactory$2::write (140 bytes)
Event: 1889.050 Thread 0x0000021f5f43d4f0 14792       3       org.eclipse.jdt.core.dom.ASTNode::acceptChild (11 bytes)
Event: 1889.053 Thread 0x0000021f5f43d4f0 nmethod 14792 0x0000021f4c7dd810 code [0x0000021f4c7dd9c0, 0x0000021f4c7ddb58]
Event: 1889.084 Thread 0x0000021f5f43d4f0 14794       3       sun.nio.fs.WindowsPathParser::parse (504 bytes)
Event: 1889.108 Thread 0x0000021f5f43d4f0 nmethod 14794 0x0000021f4c7ddc10 code [0x0000021f4c7de440, 0x0000021f4c7e2d30]
Event: 1889.108 Thread 0x0000021f5f43d4f0 14795       3       com.google.gson.internal.bind.TypeAdapters$7::write (23 bytes)
Event: 1889.112 Thread 0x0000021f5f43d4f0 nmethod 14795 0x0000021f4c7e4910 code [0x0000021f4c7e4b00, 0x0000021f4c7e4ee0]
Event: 1889.112 Thread 0x0000021f5f43d4f0 14797       3       com.google.gson.internal.bind.TypeAdapters$7::write (10 bytes)
Event: 1889.113 Thread 0x0000021f5f43d4f0 nmethod 14797 0x0000021f4c7e5010 code [0x0000021f4c7e5200, 0x0000021f4c7e5730]
Event: 1889.990 Thread 0x0000021f5f43d4f0 14798       1       org.eclipse.jdt.internal.core.PackageFragmentRoot::isExternal (2 bytes)
Event: 1889.993 Thread 0x0000021f5f43d4f0 nmethod 14798 0x0000021f52f4db90 code [0x0000021f52f4dd20, 0x0000021f52f4dde8]
Event: 1890.130 Thread 0x0000021f47678480 nmethod 14789 0x0000021f52f4de90 code [0x0000021f52f4e880, 0x0000021f52f54198]
Event: 1890.134 Thread 0x0000021f47678480 14796       4       com.google.gson.internal.bind.TypeAdapterRuntimeTypeWrapper::write (80 bytes)

GC Heap History (20 events):
Event: 822.317 GC heap before
{Heap before GC invocations=1563 (full 3):
 PSYoungGen      total 12288K, used 12202K [0x00000000d5580000, 0x00000000d6900000, 0x0000000100000000)
  eden space 7168K, 100% used [0x00000000d5580000,0x00000000d5c80000,0x00000000d5c80000)
  from space 5120K, 98% used [0x00000000d5c80000,0x00000000d616a8e0,0x00000000d6180000)
  to   space 5632K, 0% used [0x00000000d6380000,0x00000000d6380000,0x00000000d6900000)
 ParOldGen       total 896512K, used 896195K [0x0000000080000000, 0x00000000b6b80000, 0x00000000d5580000)
  object space 896512K, 99% used [0x0000000080000000,0x00000000b6b30d38,0x00000000b6b80000)
 Metaspace       used 72807K, committed 74496K, reserved 1179648K
  class space    used 7768K, committed 8512K, reserved 1048576K
}
Event: 822.330 GC heap after
{Heap after GC invocations=1563 (full 3):
 PSYoungGen      total 13824K, used 4983K [0x00000000d5580000, 0x00000000d6880000, 0x0000000100000000)
  eden space 8704K, 0% used [0x00000000d5580000,0x00000000d5580000,0x00000000d5e00000)
  from space 5120K, 97% used [0x00000000d6380000,0x00000000d685de38,0x00000000d6880000)
  to   space 5120K, 0% used [0x00000000d5e80000,0x00000000d5e80000,0x00000000d6380000)
 ParOldGen       total 901632K, used 901177K [0x0000000080000000, 0x00000000b7080000, 0x00000000d5580000)
  object space 901632K, 99% used [0x0000000080000000,0x00000000b700e5a0,0x00000000b7080000)
 Metaspace       used 72807K, committed 74496K, reserved 1179648K
  class space    used 7768K, committed 8512K, reserved 1048576K
}
Event: 822.401 GC heap before
{Heap before GC invocations=1564 (full 3):
 PSYoungGen      total 13824K, used 13687K [0x00000000d5580000, 0x00000000d6880000, 0x0000000100000000)
  eden space 8704K, 100% used [0x00000000d5580000,0x00000000d5e00000,0x00000000d5e00000)
  from space 5120K, 97% used [0x00000000d6380000,0x00000000d685de38,0x00000000d6880000)
  to   space 5120K, 0% used [0x00000000d5e80000,0x00000000d5e80000,0x00000000d6380000)
 ParOldGen       total 901632K, used 901177K [0x0000000080000000, 0x00000000b7080000, 0x00000000d5580000)
  object space 901632K, 99% used [0x0000000080000000,0x00000000b700e5a0,0x00000000b7080000)
 Metaspace       used 72813K, committed 74496K, reserved 1179648K
  class space    used 7768K, committed 8512K, reserved 1048576K
}
Event: 822.536 GC heap after
{Heap after GC invocations=1564 (full 3):
 PSYoungGen      total 14336K, used 5113K [0x00000000d5580000, 0x00000000d7600000, 0x0000000100000000)
  eden space 9216K, 0% used [0x00000000d5580000,0x00000000d5580000,0x00000000d5e80000)
  from space 5120K, 99% used [0x00000000d5e80000,0x00000000d637e7f8,0x00000000d6380000)
  to   space 11264K, 0% used [0x00000000d6b00000,0x00000000d6b00000,0x00000000d7600000)
 ParOldGen       total 906752K, used 906366K [0x0000000080000000, 0x00000000b7580000, 0x00000000d5580000)
  object space 906752K, 99% used [0x0000000080000000,0x00000000b751fad0,0x00000000b7580000)
 Metaspace       used 72813K, committed 74496K, reserved 1179648K
  class space    used 7768K, committed 8512K, reserved 1048576K
}
Event: 822.561 GC heap before
{Heap before GC invocations=1565 (full 3):
 PSYoungGen      total 14336K, used 14329K [0x00000000d5580000, 0x00000000d7600000, 0x0000000100000000)
  eden space 9216K, 100% used [0x00000000d5580000,0x00000000d5e80000,0x00000000d5e80000)
  from space 5120K, 99% used [0x00000000d5e80000,0x00000000d637e7f8,0x00000000d6380000)
  to   space 11264K, 0% used [0x00000000d6b00000,0x00000000d6b00000,0x00000000d7600000)
 ParOldGen       total 906752K, used 906366K [0x0000000080000000, 0x00000000b7580000, 0x00000000d5580000)
  object space 906752K, 99% used [0x0000000080000000,0x00000000b751fad0,0x00000000b7580000)
 Metaspace       used 72813K, committed 74496K, reserved 1179648K
  class space    used 7768K, committed 8512K, reserved 1048576K
}
Event: 822.880 GC heap after
{Heap after GC invocations=1565 (full 3):
 PSYoungGen      total 17408K, used 5632K [0x00000000d5580000, 0x00000000d7100000, 0x0000000100000000)
  eden space 11264K, 0% used [0x00000000d5580000,0x00000000d5580000,0x00000000d6080000)
  from space 6144K, 91% used [0x00000000d6b00000,0x00000000d7080020,0x00000000d7100000)
  to   space 7680K, 0% used [0x00000000d6200000,0x00000000d6200000,0x00000000d6980000)
 ParOldGen       total 911872K, used 911462K [0x0000000080000000, 0x00000000b7a80000, 0x00000000d5580000)
  object space 911872K, 99% used [0x0000000080000000,0x00000000b7a19a70,0x00000000b7a80000)
 Metaspace       used 72813K, committed 74496K, reserved 1179648K
  class space    used 7768K, committed 8512K, reserved 1048576K
}
Event: 823.191 GC heap before
{Heap before GC invocations=1566 (full 3):
 PSYoungGen      total 17408K, used 16896K [0x00000000d5580000, 0x00000000d7100000, 0x0000000100000000)
  eden space 11264K, 100% used [0x00000000d5580000,0x00000000d6080000,0x00000000d6080000)
  from space 6144K, 91% used [0x00000000d6b00000,0x00000000d7080020,0x00000000d7100000)
  to   space 7680K, 0% used [0x00000000d6200000,0x00000000d6200000,0x00000000d6980000)
 ParOldGen       total 911872K, used 911462K [0x0000000080000000, 0x00000000b7a80000, 0x00000000d5580000)
  object space 911872K, 99% used [0x0000000080000000,0x00000000b7a19a70,0x00000000b7a80000)
 Metaspace       used 72841K, committed 74560K, reserved 1179648K
  class space    used 7768K, committed 8512K, reserved 1048576K
}
Event: 823.232 GC heap after
{Heap after GC invocations=1566 (full 3):
 PSYoungGen      total 15360K, used 2242K [0x00000000d5580000, 0x00000000d6b80000, 0x0000000100000000)
  eden space 12800K, 0% used [0x00000000d5580000,0x00000000d5580000,0x00000000d6200000)
  from space 2560K, 87% used [0x00000000d6200000,0x00000000d64309c0,0x00000000d6480000)
  to   space 4096K, 0% used [0x00000000d6780000,0x00000000d6780000,0x00000000d6b80000)
 ParOldGen       total 917504K, used 916998K [0x0000000080000000, 0x00000000b8000000, 0x00000000d5580000)
  object space 917504K, 99% used [0x0000000080000000,0x00000000b7f81a90,0x00000000b8000000)
 Metaspace       used 72841K, committed 74560K, reserved 1179648K
  class space    used 7768K, committed 8512K, reserved 1048576K
}
Event: 823.386 GC heap before
{Heap before GC invocations=1567 (full 3):
 PSYoungGen      total 15360K, used 15042K [0x00000000d5580000, 0x00000000d6b80000, 0x0000000100000000)
  eden space 12800K, 100% used [0x00000000d5580000,0x00000000d6200000,0x00000000d6200000)
  from space 2560K, 87% used [0x00000000d6200000,0x00000000d64309c0,0x00000000d6480000)
  to   space 4096K, 0% used [0x00000000d6780000,0x00000000d6780000,0x00000000d6b80000)
 ParOldGen       total 917504K, used 916998K [0x0000000080000000, 0x00000000b8000000, 0x00000000d5580000)
  object space 917504K, 99% used [0x0000000080000000,0x00000000b7f81a90,0x00000000b8000000)
 Metaspace       used 72865K, committed 74560K, reserved 1179648K
  class space    used 7770K, committed 8512K, reserved 1048576K
}
Event: 823.393 GC heap after
{Heap after GC invocations=1567 (full 3):
 PSYoungGen      total 16896K, used 1226K [0x00000000d5580000, 0x00000000d6900000, 0x0000000100000000)
  eden space 15360K, 0% used [0x00000000d5580000,0x00000000d5580000,0x00000000d6480000)
  from space 1536K, 79% used [0x00000000d6780000,0x00000000d68b2b18,0x00000000d6900000)
  to   space 2048K, 0% used [0x00000000d6500000,0x00000000d6500000,0x00000000d6700000)
 ParOldGen       total 919552K, used 919171K [0x0000000080000000, 0x00000000b8200000, 0x00000000d5580000)
  object space 919552K, 99% used [0x0000000080000000,0x00000000b81a0c30,0x00000000b8200000)
 Metaspace       used 72865K, committed 74560K, reserved 1179648K
  class space    used 7770K, committed 8512K, reserved 1048576K
}
Event: 823.581 GC heap before
{Heap before GC invocations=1568 (full 3):
 PSYoungGen      total 16896K, used 16586K [0x00000000d5580000, 0x00000000d6900000, 0x0000000100000000)
  eden space 15360K, 100% used [0x00000000d5580000,0x00000000d6480000,0x00000000d6480000)
  from space 1536K, 79% used [0x00000000d6780000,0x00000000d68b2b18,0x00000000d6900000)
  to   space 2048K, 0% used [0x00000000d6500000,0x00000000d6500000,0x00000000d6700000)
 ParOldGen       total 919552K, used 919171K [0x0000000080000000, 0x00000000b8200000, 0x00000000d5580000)
  object space 919552K, 99% used [0x0000000080000000,0x00000000b81a0c30,0x00000000b8200000)
 Metaspace       used 72898K, committed 74560K, reserved 1179648K
  class space    used 7771K, committed 8512K, reserved 1048576K
}
Event: 823.587 GC heap after
{Heap after GC invocations=1568 (full 3):
 PSYoungGen      total 17920K, used 1419K [0x00000000d5580000, 0x00000000d6a80000, 0x0000000100000000)
  eden space 15872K, 0% used [0x00000000d5580000,0x00000000d5580000,0x00000000d6500000)
  from space 2048K, 69% used [0x00000000d6500000,0x00000000d6662d68,0x00000000d6700000)
  to   space 1536K, 0% used [0x00000000d6900000,0x00000000d6900000,0x00000000d6a80000)
 ParOldGen       total 920064K, used 919799K [0x0000000080000000, 0x00000000b8280000, 0x00000000d5580000)
  object space 920064K, 99% used [0x0000000080000000,0x00000000b823de98,0x00000000b8280000)
 Metaspace       used 72898K, committed 74560K, reserved 1179648K
  class space    used 7771K, committed 8512K, reserved 1048576K
}
Event: 823.961 GC heap before
{Heap before GC invocations=1569 (full 3):
 PSYoungGen      total 17920K, used 17286K [0x00000000d5580000, 0x00000000d6a80000, 0x0000000100000000)
  eden space 15872K, 99% used [0x00000000d5580000,0x00000000d64fee48,0x00000000d6500000)
  from space 2048K, 69% used [0x00000000d6500000,0x00000000d6662d68,0x00000000d6700000)
  to   space 1536K, 0% used [0x00000000d6900000,0x00000000d6900000,0x00000000d6a80000)
 ParOldGen       total 920064K, used 919799K [0x0000000080000000, 0x00000000b8280000, 0x00000000d5580000)
  object space 920064K, 99% used [0x0000000080000000,0x00000000b823de98,0x00000000b8280000)
 Metaspace       used 73325K, committed 75008K, reserved 1179648K
  class space    used 7806K, committed 8576K, reserved 1048576K
}
Event: 823.983 GC heap after
{Heap after GC invocations=1569 (full 3):
 PSYoungGen      total 16384K, used 192K [0x00000000d5580000, 0x00000000d6980000, 0x0000000100000000)
  eden space 15872K, 0% used [0x00000000d5580000,0x00000000d5580000,0x00000000d6500000)
  from space 512K, 37% used [0x00000000d6900000,0x00000000d6930000,0x00000000d6980000)
  to   space 1024K, 0% used [0x00000000d6780000,0x00000000d6780000,0x00000000d6880000)
 ParOldGen       total 920064K, used 919847K [0x0000000080000000, 0x00000000b8280000, 0x00000000d5580000)
  object space 920064K, 99% used [0x0000000080000000,0x00000000b8249e98,0x00000000b8280000)
 Metaspace       used 73325K, committed 75008K, reserved 1179648K
  class space    used 7806K, committed 8576K, reserved 1048576K
}
Event: 1076.764 GC heap before
{Heap before GC invocations=1570 (full 3):
 PSYoungGen      total 16384K, used 16064K [0x00000000d5580000, 0x00000000d6980000, 0x0000000100000000)
  eden space 15872K, 100% used [0x00000000d5580000,0x00000000d6500000,0x00000000d6500000)
  from space 512K, 37% used [0x00000000d6900000,0x00000000d6930000,0x00000000d6980000)
  to   space 1024K, 0% used [0x00000000d6780000,0x00000000d6780000,0x00000000d6880000)
 ParOldGen       total 920064K, used 919847K [0x0000000080000000, 0x00000000b8280000, 0x00000000d5580000)
  object space 920064K, 99% used [0x0000000080000000,0x00000000b8249e98,0x00000000b8280000)
 Metaspace       used 74622K, committed 76352K, reserved 1179648K
  class space    used 7937K, committed 8704K, reserved 1048576K
}
Event: 1077.064 GC heap after
{Heap after GC invocations=1570 (full 3):
 PSYoungGen      total 16896K, used 999K [0x00000000d5580000, 0x00000000d6e00000, 0x0000000100000000)
  eden space 15872K, 0% used [0x00000000d5580000,0x00000000d5580000,0x00000000d6500000)
  from space 1024K, 97% used [0x00000000d6780000,0x00000000d6879c30,0x00000000d6880000)
  to   space 4608K, 0% used [0x00000000d6980000,0x00000000d6980000,0x00000000d6e00000)
 ParOldGen       total 922624K, used 922423K [0x0000000080000000, 0x00000000b8500000, 0x00000000d5580000)
  object space 922624K, 99% used [0x0000000080000000,0x00000000b84cdc70,0x00000000b8500000)
 Metaspace       used 74622K, committed 76352K, reserved 1179648K
  class space    used 7937K, committed 8704K, reserved 1048576K
}
Event: 1078.722 GC heap before
{Heap before GC invocations=1571 (full 3):
 PSYoungGen      total 16896K, used 16871K [0x00000000d5580000, 0x00000000d6e00000, 0x0000000100000000)
  eden space 15872K, 100% used [0x00000000d5580000,0x00000000d6500000,0x00000000d6500000)
  from space 1024K, 97% used [0x00000000d6780000,0x00000000d6879c30,0x00000000d6880000)
  to   space 4608K, 0% used [0x00000000d6980000,0x00000000d6980000,0x00000000d6e00000)
 ParOldGen       total 922624K, used 922423K [0x0000000080000000, 0x00000000b8500000, 0x00000000d5580000)
  object space 922624K, 99% used [0x0000000080000000,0x00000000b84cdc70,0x00000000b8500000)
 Metaspace       used 75039K, committed 76800K, reserved 1179648K
  class space    used 7982K, committed 8768K, reserved 1048576K
}
Event: 1078.728 GC heap after
{Heap after GC invocations=1571 (full 3):
 PSYoungGen      total 16384K, used 401K [0x00000000d5580000, 0x00000000d6a00000, 0x0000000100000000)
  eden space 15872K, 0% used [0x00000000d5580000,0x00000000d5580000,0x00000000d6500000)
  from space 512K, 78% used [0x00000000d6980000,0x00000000d69e45a8,0x00000000d6a00000)
  to   space 2048K, 0% used [0x00000000d6600000,0x00000000d6600000,0x00000000d6800000)
 ParOldGen       total 923136K, used 922976K [0x0000000080000000, 0x00000000b8580000, 0x00000000d5580000)
  object space 923136K, 99% used [0x0000000080000000,0x00000000b85581a0,0x00000000b8580000)
 Metaspace       used 75039K, committed 76800K, reserved 1179648K
  class space    used 7982K, committed 8768K, reserved 1048576K
}
Event: 1079.328 GC heap before
{Heap before GC invocations=1572 (full 3):
 PSYoungGen      total 16384K, used 16273K [0x00000000d5580000, 0x00000000d6a00000, 0x0000000100000000)
  eden space 15872K, 100% used [0x00000000d5580000,0x00000000d6500000,0x00000000d6500000)
  from space 512K, 78% used [0x00000000d6980000,0x00000000d69e45a8,0x00000000d6a00000)
  to   space 2048K, 0% used [0x00000000d6600000,0x00000000d6600000,0x00000000d6800000)
 ParOldGen       total 923136K, used 922976K [0x0000000080000000, 0x00000000b8580000, 0x00000000d5580000)
  object space 923136K, 99% used [0x0000000080000000,0x00000000b85581a0,0x00000000b8580000)
 Metaspace       used 76791K, committed 78528K, reserved 1179648K
  class space    used 8244K, committed 9024K, reserved 1048576K
}
Event: 1079.334 GC heap after
{Heap after GC invocations=1572 (full 3):
 PSYoungGen      total 17920K, used 544K [0x00000000d5580000, 0x00000000d6a00000, 0x0000000100000000)
  eden space 15872K, 0% used [0x00000000d5580000,0x00000000d5580000,0x00000000d6500000)
  from space 2048K, 26% used [0x00000000d6600000,0x00000000d6688020,0x00000000d6800000)
  to   space 1024K, 0% used [0x00000000d6900000,0x00000000d6900000,0x00000000d6a00000)
 ParOldGen       total 923648K, used 923199K [0x0000000080000000, 0x00000000b8600000, 0x00000000d5580000)
  object space 923648K, 99% used [0x0000000080000000,0x00000000b858fd60,0x00000000b8600000)
 Metaspace       used 76791K, committed 78528K, reserved 1179648K
  class space    used 8244K, committed 9024K, reserved 1048576K
}

Dll operation events (14 events):
Event: 0.038 Loaded shared library c:\Users\bryan\.vscode\extensions\redhat.java-1.47.0-win32-x64\jre\21.0.8-win32-x86_64\bin\java.dll
Event: 0.277 Loaded shared library c:\Users\bryan\.vscode\extensions\redhat.java-1.47.0-win32-x64\jre\21.0.8-win32-x86_64\bin\zip.dll
Event: 0.325 Loaded shared library C:\Users\bryan\.vscode\extensions\redhat.java-1.47.0-win32-x64\jre\21.0.8-win32-x86_64\bin\instrument.dll
Event: 0.341 Loaded shared library C:\Users\bryan\.vscode\extensions\redhat.java-1.47.0-win32-x64\jre\21.0.8-win32-x86_64\bin\net.dll
Event: 0.347 Loaded shared library C:\Users\bryan\.vscode\extensions\redhat.java-1.47.0-win32-x64\jre\21.0.8-win32-x86_64\bin\nio.dll
Event: 0.356 Loaded shared library C:\Users\bryan\.vscode\extensions\redhat.java-1.47.0-win32-x64\jre\21.0.8-win32-x86_64\bin\zip.dll
Event: 0.502 Loaded shared library C:\Users\bryan\.vscode\extensions\redhat.java-1.47.0-win32-x64\jre\21.0.8-win32-x86_64\bin\jimage.dll
Event: 0.732 Loaded shared library c:\Users\bryan\.vscode\extensions\redhat.java-1.47.0-win32-x64\jre\21.0.8-win32-x86_64\bin\verify.dll
Event: 15.283 Loaded shared library C:\Users\bryan\AppData\Roaming\Code\User\globalStorage\redhat.java\1.47.0\config_win\org.eclipse.equinox.launcher\org.eclipse.equinox.launcher.win32.win32.x86_64_1.2.1400.v20250801-0854\eclipse_11916.dll
Event: 36.574 Loaded shared library C:\Users\bryan\.vscode\extensions\redhat.java-1.47.0-win32-x64\jre\21.0.8-win32-x86_64\bin\management.dll
Event: 36.578 Loaded shared library C:\Users\bryan\.vscode\extensions\redhat.java-1.47.0-win32-x64\jre\21.0.8-win32-x86_64\bin\management_ext.dll
Event: 39.060 Loaded shared library C:\Users\bryan\AppData\Local\Temp\jna-94020630\jna17642210588420864643.dll
Event: 39.277 Loaded shared library C:\Users\bryan\.vscode\extensions\redhat.java-1.47.0-win32-x64\jre\21.0.8-win32-x86_64\bin\sunmscapi.dll
Event: 41.120 Loaded shared library C:\Users\bryan\.vscode\extensions\redhat.java-1.47.0-win32-x64\jre\21.0.8-win32-x86_64\bin\extnet.dll

Deoptimization events (20 events):
Event: 1079.606 Thread 0x0000021f67071cf0 DEOPT PACKING pc=0x0000021f52a547fc sp=0x000000a3473fe5a0
Event: 1079.606 Thread 0x0000021f67071cf0 DEOPT UNPACKING pc=0x0000021f51e43aa2 sp=0x000000a3473fe538 mode 2
Event: 1079.631 Thread 0x0000021f67071cf0 Uncommon trap: trap_request=0xffffffde fr.pc=0x0000021f52e639f8 relative=0x0000000000001238
Event: 1079.631 Thread 0x0000021f67071cf0 Uncommon trap: reason=class_check action=maybe_recompile pc=0x0000021f52e639f8 method=com.google.gson.stream.JsonWriter.string(Ljava/lang/String;)V @ 119 c2
Event: 1079.631 Thread 0x0000021f67071cf0 DEOPT PACKING pc=0x0000021f52e639f8 sp=0x000000a3473fdd40
Event: 1079.631 Thread 0x0000021f67071cf0 DEOPT UNPACKING pc=0x0000021f51e43aa2 sp=0x000000a3473fdd08 mode 2
Event: 1080.121 Thread 0x0000021f67070fd0 DEOPT PACKING pc=0x0000021f4b4ab98c sp=0x000000a346efeef0
Event: 1080.122 Thread 0x0000021f67070fd0 DEOPT UNPACKING pc=0x0000021f51e44242 sp=0x000000a346efe3b0 mode 0
Event: 1080.400 Thread 0x0000021f669d7300 DEOPT PACKING pc=0x0000021f4b4ab98c sp=0x000000a3481ff0b0
Event: 1080.400 Thread 0x0000021f669d7300 DEOPT UNPACKING pc=0x0000021f51e44242 sp=0x000000a3481fe570 mode 0
Event: 1084.495 Thread 0x0000021f650c1310 DEOPT PACKING pc=0x0000021f4b4ab98c sp=0x000000a3457ff450
Event: 1084.495 Thread 0x0000021f650c1310 DEOPT UNPACKING pc=0x0000021f51e44242 sp=0x000000a3457fe910 mode 0
Event: 1091.747 Thread 0x0000021f670702b0 Uncommon trap: trap_request=0xffffff45 fr.pc=0x0000021f524a8214 relative=0x00000000000001d4
Event: 1091.747 Thread 0x0000021f670702b0 Uncommon trap: reason=unstable_if action=reinterpret pc=0x0000021f524a8214 method=java.io.BufferedOutputStream.implWrite([BII)V @ 5 c2
Event: 1091.747 Thread 0x0000021f670702b0 DEOPT PACKING pc=0x0000021f524a8214 sp=0x000000a346dfe690
Event: 1091.747 Thread 0x0000021f670702b0 DEOPT UNPACKING pc=0x0000021f51e43aa2 sp=0x000000a346dfe638 mode 2
Event: 1136.092 Thread 0x0000021f67388000 DEOPT PACKING pc=0x0000021f4c67bc9c sp=0x000000a346cff630
Event: 1136.093 Thread 0x0000021f67388000 DEOPT UNPACKING pc=0x0000021f51e44242 sp=0x000000a346cfeba8 mode 0
Event: 1139.127 Thread 0x0000021f67071660 DEOPT PACKING pc=0x0000021f4b4ab98c sp=0x000000a3470feea0
Event: 1139.128 Thread 0x0000021f67071660 DEOPT UNPACKING pc=0x0000021f51e44242 sp=0x000000a3470fe360 mode 0

Classes loaded (20 events):
Event: 1079.581 Loading class java/util/stream/SliceOps$1
Event: 1079.582 Loading class java/util/stream/SliceOps$1 done
Event: 1079.605 Loading class java/util/stream/SliceOps$1$1
Event: 1079.605 Loading class java/util/stream/SliceOps$1$1 done
Event: 1079.624 Loading class java/util/Timer
Event: 1079.625 Loading class java/util/Timer done
Event: 1079.626 Loading class java/util/TaskQueue
Event: 1079.627 Loading class java/util/TaskQueue done
Event: 1079.627 Loading class java/util/TimerThread
Event: 1079.627 Loading class java/util/TimerThread done
Event: 1079.628 Loading class java/util/Timer$ThreadReaper
Event: 1079.628 Loading class java/util/Timer$ThreadReaper done
Event: 1079.635 Loading class java/util/concurrent/CompletableFuture$UniWhenComplete
Event: 1079.636 Loading class java/util/concurrent/CompletableFuture$UniWhenComplete done
Event: 1079.637 Loading class java/util/concurrent/CompletableFuture$UniCompose
Event: 1079.638 Loading class java/util/concurrent/CompletableFuture$UniCompose done
Event: 1079.638 Loading class java/util/concurrent/CompletableFuture$UniRelay
Event: 1079.638 Loading class java/util/concurrent/CompletableFuture$UniRelay done
Event: 1080.123 Loading class java/util/concurrent/ScheduledThreadPoolExecutor$DelayedWorkQueue$Itr
Event: 1080.125 Loading class java/util/concurrent/ScheduledThreadPoolExecutor$DelayedWorkQueue$Itr done

Classes unloaded (20 events):
Event: 37.629 Thread 0x0000021f4777a820 Unloading class 0x0000021f011b0000 'java/lang/invoke/LambdaForm$BMH+0x0000021f011b0000'
Event: 37.629 Thread 0x0000021f4777a820 Unloading class 0x0000021f011afc00 'java/lang/invoke/LambdaForm$DMH+0x0000021f011afc00'
Event: 37.629 Thread 0x0000021f4777a820 Unloading class 0x0000021f011ae800 'java/lang/invoke/LambdaForm$DMH+0x0000021f011ae800'
Event: 39.479 Thread 0x0000021f4777a820 Unloading class 0x0000021f01303400 'java/lang/invoke/LambdaForm$MH+0x0000021f01303400'
Event: 39.479 Thread 0x0000021f4777a820 Unloading class 0x0000021f01302800 'java/lang/invoke/LambdaForm$MH+0x0000021f01302800'
Event: 39.479 Thread 0x0000021f4777a820 Unloading class 0x0000021f01302000 'java/lang/invoke/LambdaForm$MH+0x0000021f01302000'
Event: 39.479 Thread 0x0000021f4777a820 Unloading class 0x0000021f01301800 'java/lang/invoke/LambdaForm$MH+0x0000021f01301800'
Event: 39.479 Thread 0x0000021f4777a820 Unloading class 0x0000021f01301400 'java/lang/invoke/LambdaForm$DMH+0x0000021f01301400'
Event: 39.479 Thread 0x0000021f4777a820 Unloading class 0x0000021f01300800 'java/lang/invoke/LambdaForm$MH+0x0000021f01300800'
Event: 39.479 Thread 0x0000021f4777a820 Unloading class 0x0000021f012fb800 'java/lang/invoke/LambdaForm$MH+0x0000021f012fb800'
Event: 39.479 Thread 0x0000021f4777a820 Unloading class 0x0000021f012fb400 'java/lang/invoke/LambdaForm$MH+0x0000021f012fb400'
Event: 39.479 Thread 0x0000021f4777a820 Unloading class 0x0000021f012fa800 'java/lang/invoke/LambdaForm$MH+0x0000021f012fa800'
Event: 39.479 Thread 0x0000021f4777a820 Unloading class 0x0000021f012fa000 'java/lang/invoke/LambdaForm$MH+0x0000021f012fa000'
Event: 39.479 Thread 0x0000021f4777a820 Unloading class 0x0000021f012f9800 'java/lang/invoke/LambdaForm$MH+0x0000021f012f9800'
Event: 39.479 Thread 0x0000021f4777a820 Unloading class 0x0000021f012f9000 'java/lang/invoke/LambdaForm$MH+0x0000021f012f9000'
Event: 39.479 Thread 0x0000021f4777a820 Unloading class 0x0000021f012f8000 'java/lang/invoke/LambdaForm$MH+0x0000021f012f8000'
Event: 70.531 Thread 0x0000021f4777a820 Unloading class 0x0000021f01668c00 'java/lang/invoke/LambdaForm$DMH+0x0000021f01668c00'
Event: 70.531 Thread 0x0000021f4777a820 Unloading class 0x0000021f01668800 'java/lang/invoke/LambdaForm$DMH+0x0000021f01668800'
Event: 70.531 Thread 0x0000021f4777a820 Unloading class 0x0000021f01668000 'java/lang/invoke/LambdaForm$DMH+0x0000021f01668000'
Event: 70.531 Thread 0x0000021f4777a820 Unloading class 0x0000021f01668400 'java/lang/invoke/LambdaForm$DMH+0x0000021f01668400'

Classes redefined (0 events):
No events

Internal exceptions (20 events):
Event: 824.442 Thread 0x0000021f670702b0 Implicit null exception at 0x0000021f529c6b02 to 0x0000021f529c747c
Event: 824.442 Thread 0x0000021f670702b0 Implicit null exception at 0x0000021f529c64da to 0x0000021f529c659c
Event: 1073.048 Thread 0x0000021f669da780 Exception <a 'java/lang/IncompatibleClassChangeError'{0x00000000d5e8b338}: Found class java.lang.Object, but interface was expected> (0x00000000d5e8b338) 
thrown [s\src\hotspot\share\interpreter\linkResolver.cpp, line 840]
Event: 1076.525 Thread 0x0000021f67073730 Exception <a 'sun/nio/fs/WindowsException'{0x00000000d6066bd0}> (0x00000000d6066bd0) 
thrown [s\src\hotspot\share\prims\jni.cpp, line 520]
Event: 1076.528 Thread 0x0000021f67073730 Exception <a 'sun/nio/fs/WindowsException'{0x00000000d60674b8}> (0x00000000d60674b8) 
thrown [s\src\hotspot\share\prims\jni.cpp, line 520]
Event: 1076.532 Thread 0x0000021f67073730 Exception <a 'sun/nio/fs/WindowsException'{0x00000000d60681d0}> (0x00000000d60681d0) 
thrown [s\src\hotspot\share\prims\jni.cpp, line 520]
Event: 1076.532 Thread 0x0000021f67073730 Exception <a 'sun/nio/fs/WindowsException'{0x00000000d6068a98}> (0x00000000d6068a98) 
thrown [s\src\hotspot\share\prims\jni.cpp, line 520]
Event: 1076.540 Thread 0x0000021f67073730 Exception <a 'sun/nio/fs/WindowsException'{0x00000000d606a240}> (0x00000000d606a240) 
thrown [s\src\hotspot\share\prims\jni.cpp, line 520]
Event: 1076.540 Thread 0x0000021f67073730 Exception <a 'sun/nio/fs/WindowsException'{0x00000000d606a858}> (0x00000000d606a858) 
thrown [s\src\hotspot\share\prims\jni.cpp, line 520]
Event: 1076.664 Thread 0x0000021f67073730 Exception <a 'sun/nio/fs/WindowsException'{0x00000000d6084e88}> (0x00000000d6084e88) 
thrown [s\src\hotspot\share\prims\jni.cpp, line 520]
Event: 1076.664 Thread 0x0000021f67073730 Exception <a 'sun/nio/fs/WindowsException'{0x00000000d6085750}> (0x00000000d6085750) 
thrown [s\src\hotspot\share\prims\jni.cpp, line 520]
Event: 1078.818 Thread 0x0000021f670702b0 Exception <a 'java/io/FileNotFoundException'{0x00000000d5610ff0}> (0x00000000d5610ff0) 
thrown [s\src\hotspot\share\prims\jni.cpp, line 520]
Event: 1079.323 Thread 0x0000021f670702b0 Exception <a 'java/lang/NoSuchMethodError'{0x00000000d64de370}: 'java.lang.Object java.lang.invoke.DirectMethodHandle$Holder.invokeVirtual(java.lang.Object, java.lang.Object, java.lang.Object, java.lang.Object)'> (0x00000000d64de370) 
thrown [s\src\hotspot\share\interpreter\linkResolver.cpp, line 773]
Event: 1079.440 Thread 0x0000021f67071cf0 Exception <a 'java/lang/NoSuchMethodError'{0x00000000d597e3a8}: 'java.lang.Object java.lang.invoke.DirectMethodHandle$Holder.invokeStatic(java.lang.Object, long, java.lang.Object, java.lang.Object)'> (0x00000000d597e3a8) 
thrown [s\src\hotspot\share\interpreter\linkResolver.cpp, line 773]
Event: 1079.562 Thread 0x0000021f67071cf0 Exception <a 'sun/nio/fs/WindowsException'{0x00000000d5a35b88}> (0x00000000d5a35b88) 
thrown [s\src\hotspot\share\prims\jni.cpp, line 520]
Event: 1079.563 Thread 0x0000021f67071cf0 Exception <a 'sun/nio/fs/WindowsException'{0x00000000d5a36c38}> (0x00000000d5a36c38) 
thrown [s\src\hotspot\share\prims\jni.cpp, line 520]
Event: 1079.633 Thread 0x0000021f67071cf0 Exception <a 'java/lang/NoSuchMethodError'{0x00000000d5ae2968}: 'void java.lang.invoke.DirectMethodHandle$Holder.invokeStatic(java.lang.Object, java.lang.Object, java.lang.Object, java.lang.Object, java.lang.Object, java.lang.Object, java.lang.Object)'> (0x00000000d5ae2968) 
thrown [s\src\hotspot\share\interpreter\linkResolver.cpp, line 773]
Event: 1081.903 Thread 0x0000021f67072380 Exception <a 'java/lang/NoSuchMethodError'{0x00000000d5b4b558}: 'long java.lang.invoke.DelegatingMethodHandle$Holder.reinvoke_L(java.lang.Object, java.lang.Object)'> (0x00000000d5b4b558) 
thrown [s\src\hotspot\share\interpreter\linkResolver.cpp, line 773]
Event: 1081.905 Thread 0x0000021f67072380 Exception <a 'java/lang/NoSuchMethodError'{0x00000000d5b555e8}: 'void java.lang.invoke.DelegatingMethodHandle$Holder.reinvoke_L(java.lang.Object, java.lang.Object, long)'> (0x00000000d5b555e8) 
thrown [s\src\hotspot\share\interpreter\linkResolver.cpp, line 773]
Event: 1091.557 Thread 0x0000021f67072380 Exception <a 'java/lang/NoSuchMethodError'{0x00000000d5d666b0}: 'long java.lang.invoke.Invokers$Holder.invokeExact_MT(java.lang.Object, java.lang.Object, java.lang.Object)'> (0x00000000d5d666b0) 
thrown [s\src\hotspot\share\interpreter\linkResolver.cpp, line 773]

ZGC Phase Switch (0 events):
No events

VM Operations (20 events):
Event: 1563.631 Executing VM operation: HandshakeAllThreads (HandshakeForDeflation)
Event: 1563.632 Executing VM operation: HandshakeAllThreads (HandshakeForDeflation) done
Event: 1563.632 Executing VM operation: RendezvousGCThreads
Event: 1563.632 Executing VM operation: RendezvousGCThreads done
Event: 1683.924 Executing VM operation: HandshakeAllThreads (HandshakeForDeflation)
Event: 1683.929 Executing VM operation: HandshakeAllThreads (HandshakeForDeflation) done
Event: 1683.929 Executing VM operation: RendezvousGCThreads
Event: 1683.929 Executing VM operation: RendezvousGCThreads done
Event: 1744.035 Executing VM operation: HandshakeAllThreads (HandshakeForDeflation)
Event: 1744.039 Executing VM operation: HandshakeAllThreads (HandshakeForDeflation) done
Event: 1744.039 Executing VM operation: RendezvousGCThreads
Event: 1744.039 Executing VM operation: RendezvousGCThreads done
Event: 1804.258 Executing VM operation: HandshakeAllThreads (HandshakeForDeflation)
Event: 1804.258 Executing VM operation: HandshakeAllThreads (HandshakeForDeflation) done
Event: 1804.258 Executing VM operation: RendezvousGCThreads
Event: 1804.258 Executing VM operation: RendezvousGCThreads done
Event: 1889.057 Executing VM operation: Cleanup
Event: 1889.063 Executing VM operation: Cleanup done
Event: 1891.067 Executing VM operation: Cleanup
Event: 1891.067 Executing VM operation: Cleanup done

Memory protections (0 events):
No events

Nmethod flushes (20 events):
Event: 70.580 Thread 0x0000021f4777a820 flushing  nmethod 0x0000021f4b1baa10
Event: 70.580 Thread 0x0000021f4777a820 flushing  nmethod 0x0000021f4b1bb290
Event: 70.580 Thread 0x0000021f4777a820 flushing  nmethod 0x0000021f4b1beb10
Event: 70.580 Thread 0x0000021f4777a820 flushing  nmethod 0x0000021f4b1bf210
Event: 70.580 Thread 0x0000021f4777a820 flushing  nmethod 0x0000021f4b1bf990
Event: 70.580 Thread 0x0000021f4777a820 flushing  nmethod 0x0000021f4b1c1c10
Event: 70.580 Thread 0x0000021f4777a820 flushing  nmethod 0x0000021f4b1cc810
Event: 70.580 Thread 0x0000021f4777a820 flushing  nmethod 0x0000021f4b1d1010
Event: 70.580 Thread 0x0000021f4777a820 flushing  nmethod 0x0000021f4b1d9b90
Event: 70.580 Thread 0x0000021f4777a820 flushing  nmethod 0x0000021f4b205c90
Event: 70.580 Thread 0x0000021f4777a820 flushing  nmethod 0x0000021f4b20dd90
Event: 70.580 Thread 0x0000021f4777a820 flushing  nmethod 0x0000021f4b20f390
Event: 70.580 Thread 0x0000021f4777a820 flushing  nmethod 0x0000021f4b214d90
Event: 70.580 Thread 0x0000021f4777a820 flushing  nmethod 0x0000021f4b216310
Event: 70.580 Thread 0x0000021f4777a820 flushing  nmethod 0x0000021f4b218010
Event: 70.580 Thread 0x0000021f4777a820 flushing  nmethod 0x0000021f4b218490
Event: 70.580 Thread 0x0000021f4777a820 flushing  nmethod 0x0000021f4b21e990
Event: 70.580 Thread 0x0000021f4777a820 flushing  nmethod 0x0000021f4b224990
Event: 70.580 Thread 0x0000021f4777a820 flushing  nmethod 0x0000021f4b227b90
Event: 70.580 Thread 0x0000021f4777a820 flushing  nmethod 0x0000021f4b241210

Events (20 events):
Event: 1079.108 Thread 0x0000021f670702b0 Thread added: 0x0000021f67070fd0
Event: 1079.122 Thread 0x0000021f670702b0 Thread added: 0x0000021f67071660
Event: 1079.425 Thread 0x0000021f670702b0 Thread added: 0x0000021f67071cf0
Event: 1079.528 Thread 0x0000021f5f43d4f0 Thread added: 0x0000021f6a37a8d0
Event: 1079.629 Thread 0x0000021f67071cf0 Thread added: 0x0000021f67075800
Event: 1079.636 Thread 0x0000021f6a37a8d0 Thread exited: 0x0000021f6a37a8d0
Event: 1081.892 Thread 0x0000021f670702b0 Thread added: 0x0000021f67072380
Event: 1081.894 Thread 0x0000021f67075800 Thread exited: 0x0000021f67075800
Event: 1091.565 Thread 0x0000021f67072380 Thread exited: 0x0000021f67072380
Event: 1091.744 Thread 0x0000021f67071cf0 Thread exited: 0x0000021f67071cf0
Event: 1121.802 Thread 0x0000021f670702b0 Thread exited: 0x0000021f670702b0
Event: 1184.986 Thread 0x0000021f67073730 Thread exited: 0x0000021f67073730
Event: 1245.007 Thread 0x0000021f67074ae0 Thread exited: 0x0000021f67074ae0
Event: 1307.841 Thread 0x0000021f67073dc0 Thread exited: 0x0000021f67073dc0
Event: 1367.855 Thread 0x0000021f67074450 Thread exited: 0x0000021f67074450
Event: 1427.868 Thread 0x0000021f67070940 Thread exited: 0x0000021f67070940
Event: 1487.885 Thread 0x0000021f6706fc20 Thread exited: 0x0000021f6706fc20
Event: 1888.059 Thread 0x0000021f669da780 Thread added: 0x0000021f67072380
Event: 1888.121 Thread 0x0000021f67072380 Thread added: 0x0000021f6706fc20
Event: 1888.372 Thread 0x0000021f669da780 Thread added: 0x0000021f67071cf0


Dynamic libraries:
0x00007ff7b2580000 - 0x00007ff7b258e000 	c:\Users\bryan\.vscode\extensions\redhat.java-1.47.0-win32-x64\jre\21.0.8-win32-x86_64\bin\java.exe
0x00007fff66b20000 - 0x00007fff66d88000 	C:\WINDOWS\SYSTEM32\ntdll.dll
0x00007fff65af0000 - 0x00007fff65bb9000 	C:\WINDOWS\System32\KERNEL32.DLL
0x00007fff63db0000 - 0x00007fff641a8000 	C:\WINDOWS\System32\KERNELBASE.dll
0x00007fff60180000 - 0x00007fff6021f000 	C:\WINDOWS\SYSTEM32\apphelp.dll
0x00007fff64770000 - 0x00007fff648bb000 	C:\WINDOWS\System32\ucrtbase.dll
0x00007fff43e30000 - 0x00007fff43e48000 	c:\Users\bryan\.vscode\extensions\redhat.java-1.47.0-win32-x64\jre\21.0.8-win32-x86_64\bin\jli.dll
0x00007fff66850000 - 0x00007fff66a17000 	C:\WINDOWS\System32\USER32.dll
0x00007fff64320000 - 0x00007fff64347000 	C:\WINDOWS\System32\win32u.dll
0x00007fff66760000 - 0x00007fff6678b000 	C:\WINDOWS\System32\GDI32.dll
0x00007fff644d0000 - 0x00007fff645fc000 	C:\WINDOWS\System32\gdi32full.dll
0x00007fff63c70000 - 0x00007fff63d13000 	C:\WINDOWS\System32\msvcp_win.dll
0x00007fff43480000 - 0x00007fff4349e000 	c:\Users\bryan\.vscode\extensions\redhat.java-1.47.0-win32-x64\jre\21.0.8-win32-x86_64\bin\VCRUNTIME140.dll
0x00007fff51cf0000 - 0x00007fff51f84000 	C:\WINDOWS\WinSxS\amd64_microsoft.windows.common-controls_6595b64144ccf1df_6.0.26100.7019_none_3e06ffa0e335b8a8\COMCTL32.dll
0x00007fff66600000 - 0x00007fff666a9000 	C:\WINDOWS\System32\msvcrt.dll
0x00007fff66790000 - 0x00007fff667c1000 	C:\WINDOWS\System32\IMM32.DLL
0x00007fff50c90000 - 0x00007fff50c9c000 	c:\Users\bryan\.vscode\extensions\redhat.java-1.47.0-win32-x64\jre\21.0.8-win32-x86_64\bin\vcruntime140_1.dll
0x00007fff3a4a0000 - 0x00007fff3a52d000 	c:\Users\bryan\.vscode\extensions\redhat.java-1.47.0-win32-x64\jre\21.0.8-win32-x86_64\bin\msvcp140.dll
0x00007ffeae540000 - 0x00007ffeaf2d7000 	c:\Users\bryan\.vscode\extensions\redhat.java-1.47.0-win32-x64\jre\21.0.8-win32-x86_64\bin\server\jvm.dll
0x00007fff65be0000 - 0x00007fff65c94000 	C:\WINDOWS\System32\ADVAPI32.dll
0x00007fff666b0000 - 0x00007fff66756000 	C:\WINDOWS\System32\sechost.dll
0x00007fff65540000 - 0x00007fff65658000 	C:\WINDOWS\System32\RPCRT4.dll
0x00007fff663a0000 - 0x00007fff66414000 	C:\WINDOWS\System32\WS2_32.dll
0x00007fff63ad0000 - 0x00007fff63b2e000 	C:\WINDOWS\SYSTEM32\POWRPROF.dll
0x00007fff5ac40000 - 0x00007fff5ac75000 	C:\WINDOWS\SYSTEM32\WINMM.dll
0x00007fff5b3b0000 - 0x00007fff5b3bb000 	C:\WINDOWS\SYSTEM32\VERSION.dll
0x00007fff63ab0000 - 0x00007fff63ac4000 	C:\WINDOWS\SYSTEM32\UMPDC.dll
0x00007fff62a10000 - 0x00007fff62a2b000 	C:\WINDOWS\SYSTEM32\kernel.appcore.dll
0x00007fff50c20000 - 0x00007fff50c2a000 	c:\Users\bryan\.vscode\extensions\redhat.java-1.47.0-win32-x64\jre\21.0.8-win32-x86_64\bin\jimage.dll
0x00007fff60e10000 - 0x00007fff61052000 	C:\WINDOWS\SYSTEM32\DBGHELP.DLL
0x00007fff65660000 - 0x00007fff659eb000 	C:\WINDOWS\System32\combase.dll
0x00007fff65eb0000 - 0x00007fff65f87000 	C:\WINDOWS\System32\OLEAUT32.dll
0x00007fff4d720000 - 0x00007fff4d75c000 	C:\WINDOWS\SYSTEM32\dbgcore.DLL
0x00007fff64270000 - 0x00007fff64315000 	C:\WINDOWS\System32\bcryptPrimitives.dll
0x00007fff50a20000 - 0x00007fff50a2f000 	c:\Users\bryan\.vscode\extensions\redhat.java-1.47.0-win32-x64\jre\21.0.8-win32-x86_64\bin\instrument.dll
0x00007fff43040000 - 0x00007fff4305f000 	c:\Users\bryan\.vscode\extensions\redhat.java-1.47.0-win32-x64\jre\21.0.8-win32-x86_64\bin\java.dll
0x00007fff64de0000 - 0x00007fff65531000 	C:\WINDOWS\System32\SHELL32.dll
0x00007fff64600000 - 0x00007fff6476b000 	C:\WINDOWS\System32\wintypes.dll
0x00007fff61870000 - 0x00007fff620cd000 	C:\WINDOWS\SYSTEM32\windows.storage.dll
0x00007fff65d40000 - 0x00007fff65e32000 	C:\WINDOWS\System32\SHCORE.dll
0x00007fff65e40000 - 0x00007fff65ea7000 	C:\WINDOWS\System32\shlwapi.dll
0x00007fff63b90000 - 0x00007fff63bb9000 	C:\WINDOWS\SYSTEM32\profapi.dll
0x00007fff435d0000 - 0x00007fff435e8000 	c:\Users\bryan\.vscode\extensions\redhat.java-1.47.0-win32-x64\jre\21.0.8-win32-x86_64\bin\zip.dll
0x00007fff51690000 - 0x00007fff516a0000 	C:\Users\bryan\.vscode\extensions\redhat.java-1.47.0-win32-x64\jre\21.0.8-win32-x86_64\bin\net.dll
0x00007fff5b150000 - 0x00007fff5b278000 	C:\WINDOWS\SYSTEM32\WINHTTP.dll
0x00007fff62fa0000 - 0x00007fff6300b000 	C:\WINDOWS\system32\mswsock.dll
0x00007fff45ff0000 - 0x00007fff46006000 	C:\Users\bryan\.vscode\extensions\redhat.java-1.47.0-win32-x64\jre\21.0.8-win32-x86_64\bin\nio.dll
0x00007fff50cd0000 - 0x00007fff50ce0000 	c:\Users\bryan\.vscode\extensions\redhat.java-1.47.0-win32-x64\jre\21.0.8-win32-x86_64\bin\verify.dll
0x00007fff40510000 - 0x00007fff40554000 	C:\Users\bryan\AppData\Roaming\Code\User\globalStorage\redhat.java\1.47.0\config_win\org.eclipse.equinox.launcher\org.eclipse.equinox.launcher.win32.win32.x86_64_1.2.1400.v20250801-0854\eclipse_11916.dll
0x00007fff65f90000 - 0x00007fff66127000 	C:\WINDOWS\System32\ole32.dll
0x00007fff4d7a0000 - 0x00007fff4d7aa000 	C:\Users\bryan\.vscode\extensions\redhat.java-1.47.0-win32-x64\jre\21.0.8-win32-x86_64\bin\management.dll
0x00007fff4c710000 - 0x00007fff4c71b000 	C:\Users\bryan\.vscode\extensions\redhat.java-1.47.0-win32-x64\jre\21.0.8-win32-x86_64\bin\management_ext.dll
0x00007fff65d30000 - 0x00007fff65d38000 	C:\WINDOWS\System32\PSAPI.DLL
0x00007fff63270000 - 0x00007fff6328b000 	C:\WINDOWS\SYSTEM32\CRYPTSP.dll
0x00007fff62960000 - 0x00007fff6299a000 	C:\WINDOWS\system32\rsaenh.dll
0x00007fff63050000 - 0x00007fff6307b000 	C:\WINDOWS\SYSTEM32\USERENV.dll
0x00007fff63b60000 - 0x00007fff63b8a000 	C:\WINDOWS\SYSTEM32\bcrypt.dll
0x00007fff63260000 - 0x00007fff6326c000 	C:\WINDOWS\SYSTEM32\CRYPTBASE.dll
0x00007fff623e0000 - 0x00007fff62414000 	C:\WINDOWS\SYSTEM32\IPHLPAPI.DLL
0x00007fff65bd0000 - 0x00007fff65bda000 	C:\WINDOWS\System32\NSI.dll
0x00007fff405c0000 - 0x00007fff40609000 	C:\Users\bryan\AppData\Local\Temp\jna-94020630\jna17642210588420864643.dll
0x00007fff5aef0000 - 0x00007fff5af0e000 	C:\WINDOWS\SYSTEM32\dhcpcsvc6.DLL
0x00007fff5aec0000 - 0x00007fff5aee3000 	C:\WINDOWS\SYSTEM32\dhcpcsvc.DLL
0x00007fff4b910000 - 0x00007fff4b91e000 	C:\Users\bryan\.vscode\extensions\redhat.java-1.47.0-win32-x64\jre\21.0.8-win32-x86_64\bin\sunmscapi.dll
0x00007fff64350000 - 0x00007fff644c7000 	C:\WINDOWS\System32\CRYPT32.dll
0x00007fff63480000 - 0x00007fff634b0000 	C:\WINDOWS\SYSTEM32\ncrypt.dll
0x00007fff63430000 - 0x00007fff6346f000 	C:\WINDOWS\SYSTEM32\NTASN1.dll
0x00007fff62480000 - 0x00007fff625ac000 	C:\WINDOWS\SYSTEM32\DNSAPI.dll
0x00007fff58510000 - 0x00007fff5851b000 	C:\Windows\System32\rasadhlp.dll
0x00007fff582d0000 - 0x00007fff58356000 	C:\WINDOWS\System32\fwpuclnt.dll
0x00007fff4a5e0000 - 0x00007fff4a5e9000 	C:\Users\bryan\.vscode\extensions\redhat.java-1.47.0-win32-x64\jre\21.0.8-win32-x86_64\bin\extnet.dll

JVMTI agents:
c:\Users\bryan\.vscode\extensions\redhat.java-1.47.0-win32-x64\lombok\lombok-1.18.39-4050.jar path:c:\Users\bryan\.vscode\extensions\redhat.java-1.47.0-win32-x64\jre\21.0.8-win32-x86_64\bin\instrument.dll, loaded, initialized, instrumentlib options:none

dbghelp: loaded successfully - version: 4.0.5 - missing functions: none
symbol engine: initialized successfully - sym options: 0x614 - pdb path: .;c:\Users\bryan\.vscode\extensions\redhat.java-1.47.0-win32-x64\jre\21.0.8-win32-x86_64\bin;C:\WINDOWS\SYSTEM32;C:\WINDOWS\WinSxS\amd64_microsoft.windows.common-controls_6595b64144ccf1df_6.0.26100.7019_none_3e06ffa0e335b8a8;c:\Users\bryan\.vscode\extensions\redhat.java-1.47.0-win32-x64\jre\21.0.8-win32-x86_64\bin\server;C:\Users\bryan\AppData\Roaming\Code\User\globalStorage\redhat.java\1.47.0\config_win\org.eclipse.equinox.launcher\org.eclipse.equinox.launcher.win32.win32.x86_64_1.2.1400.v20250801-0854;C:\Users\bryan\AppData\Local\Temp\jna-94020630

VM Arguments:
jvm_args: --add-modules=ALL-SYSTEM --add-opens=java.base/java.util=ALL-UNNAMED --add-opens=java.base/java.lang=ALL-UNNAMED --add-opens=java.base/sun.nio.fs=ALL-UNNAMED -Declipse.application=org.eclipse.jdt.ls.core.id1 -Dosgi.bundles.defaultStartLevel=4 -Declipse.product=org.eclipse.jdt.ls.core.product -Djava.import.generatesMetadataFilesAtProjectRoot=false -DDetectVMInstallationsJob.disabled=true -Dfile.encoding=utf8 -XX:+UseParallelGC -XX:GCTimeRatio=4 -XX:AdaptiveSizePolicyWeight=90 -Dsun.zip.disableMemoryMapping=true -Xmx2G -Xms100m -Xlog:disable -javaagent:c:\Users\bryan\.vscode\extensions\redhat.java-1.47.0-win32-x64\lombok\lombok-1.18.39-4050.jar -XX:+HeapDumpOnOutOfMemoryError -XX:HeapDumpPath=c:\Users\bryan\AppData\Roaming\Code\User\workspaceStorage\362f47b72d767cba949bed78ad5ca040\redhat.java -Daether.dependencyCollector.impl=bf 
java_command: c:\Users\bryan\.vscode\extensions\redhat.java-1.47.0-win32-x64\server\plugins\org.eclipse.equinox.launcher_1.7.100.v20251014-1222.jar -configuration c:\Users\bryan\AppData\Roaming\Code\User\globalStorage\redhat.java\1.47.0\config_win -data c:\Users\bryan\AppData\Roaming\Code\User\workspaceStorage\362f47b72d767cba949bed78ad5ca040\redhat.java\jdt_ws --pipe=\\.\pipe\lsp-8f5c5bc3b3089fde9e11cac3f56e0834-sock
java_class_path (initial): c:\Users\bryan\.vscode\extensions\redhat.java-1.47.0-win32-x64\server\plugins\org.eclipse.equinox.launcher_1.7.100.v20251014-1222.jar
Launcher Type: SUN_STANDARD

[Global flags]
    uintx AdaptiveSizePolicyWeight                 = 90                                        {product} {command line}
     intx CICompilerCount                          = 4                                         {product} {ergonomic}
    uintx GCTimeRatio                              = 4                                         {product} {command line}
     bool HeapDumpOnOutOfMemoryError               = true                                   {manageable} {command line}
    ccstr HeapDumpPath                             = c:\Users\bryan\AppData\Roaming\Code\User\workspaceStorage\362f47b72d767cba949bed78ad5ca040\redhat.java         {manageable} {command line}
   size_t InitialHeapSize                          = 104857600                                 {product} {command line}
   size_t MaxHeapSize                              = 2147483648                                {product} {command line}
   size_t MaxNewSize                               = 715653120                                 {product} {ergonomic}
   size_t MinHeapDeltaBytes                        = 524288                                    {product} {ergonomic}
   size_t MinHeapSize                              = 104857600                                 {product} {command line}
   size_t NewSize                                  = 34603008                                  {product} {ergonomic}
    uintx NonNMethodCodeHeapSize                   = 5839372                                {pd product} {ergonomic}
    uintx NonProfiledCodeHeapSize                  = 122909434                              {pd product} {ergonomic}
   size_t OldSize                                  = 70254592                                  {product} {ergonomic}
    uintx ProfiledCodeHeapSize                     = 122909434                              {pd product} {ergonomic}
    uintx ReservedCodeCacheSize                    = 251658240                              {pd product} {ergonomic}
     bool SegmentedCodeCache                       = true                                      {product} {ergonomic}
   size_t SoftMaxHeapSize                          = 2147483648                             {manageable} {ergonomic}
     bool UseCompressedOops                        = true                           {product lp64_product} {ergonomic}
     bool UseLargePagesIndividualAllocation        = false                                  {pd product} {ergonomic}
     bool UseParallelGC                            = true                                      {product} {command line}

Logging:
Log output configuration:
 #0: stdout all=off uptime,level,tags foldmultilines=false
 #1: stderr all=off uptime,level,tags foldmultilines=false

Environment Variables:
PATH=C:\Program Files\Common Files\Oracle\Java\javapath;C:\WINDOWS\system32;C:\WINDOWS;C:\WINDOWS\System32\Wbem;C:\WINDOWS\System32\WindowsPowerShell\v1.0\;C:\WINDOWS\System32\OpenSSH\;C:\Program Files\Microsoft SQL Server\150\Tools\Binn\;C:\Program Files\dotnet\;C:\Program Files\Git\cmd;C:\Program Files (x86)\Microsoft SQL Server\160\Tools\Binn\;C:\Program Files\Microsoft SQL Server\160\Tools\Binn\;C:\Program Files\Microsoft SQL Server\Client SDK\ODBC\170\Tools\Binn\;C:\Program Files\Microsoft SQL Server\160\DTS\Binn\;C:\Program Files (x86)\Microsoft SQL Server\160\DTS\Binn\;C:\Users\bryan\AppData\Local\nvm;C:\nvm4w\nodejs;C:\Users\bryan\AppData\Local\Programs\Python\Python312\Scripts\;C:\Users\bryan\AppData\Local\Programs\Python\Python312\;C:\Users\bryan\AppData\Local\Programs\Python\Launcher\;C:\Users\bryan\AppData\Local\Microsoft\WindowsApps;C:\Users\bryan\AppData\Local\Programs\Microsoft VS Code\bin;C:\AppServ\Apache24\bin;C:\AppServ\php7;C:\AppServ\MySQL\bin;C:\flutter\bin;C:\Users\bryan\AppData\Roaming\npm;C:\Users\bryan\AppData\Local\nvm;C:\nvm4w\nodejs;C:\Users\bryan\AppData\Local\Programs\mongosh\;C:\Program Files\MongoDB\Server\8.0\bin;C:\Program Files\MongoDB\Tools\100\bin;C:\Users\bryan\.dotnet\tools
USERNAME=bryan
OS=Windows_NT
PROCESSOR_IDENTIFIER=AMD64 Family 23 Model 104 Stepping 1, AuthenticAMD
TMP=C:\Users\bryan\AppData\Local\Temp
TEMP=C:\Users\bryan\AppData\Local\Temp




Periodic native trim disabled

---------------  S Y S T E M  ---------------

OS:
 Windows 11 , 64 bit Build 26100 (10.0.26100.7019)
OS uptime: 3 days 0:14 hours
Hyper-V role detected

CPU: total 12 (initial active 12) (12 cores per cpu, 2 threads per core) family 23 model 104 stepping 1 microcode 0x8608102, cx8, cmov, fxsr, ht, mmx, 3dnowpref, sse, sse2, sse3, ssse3, sse4a, sse4.1, sse4.2, popcnt, lzcnt, tsc, tscinvbit, avx, avx2, aes, clmul, bmi1, bmi2, adx, sha, fma, vzeroupper, clflush, clflushopt, hv, rdtscp, rdpid, f16c
Processor Information for processor 0
  Max Mhz: 2100, Current Mhz: 1813, Mhz Limit: 2100
Processor Information for processor 1
  Max Mhz: 2100, Current Mhz: 1813, Mhz Limit: 2100
Processor Information for processor 2
  Max Mhz: 2100, Current Mhz: 1813, Mhz Limit: 2100
Processor Information for processor 3
  Max Mhz: 2100, Current Mhz: 1813, Mhz Limit: 2100
Processor Information for processor 4
  Max Mhz: 2100, Current Mhz: 1893, Mhz Limit: 2100
Processor Information for processor 5
  Max Mhz: 2100, Current Mhz: 1813, Mhz Limit: 2100
Processor Information for processor 6
  Max Mhz: 2100, Current Mhz: 1813, Mhz Limit: 2100
Processor Information for processor 7
  Max Mhz: 2100, Current Mhz: 1813, Mhz Limit: 2100
Processor Information for processor 8
  Max Mhz: 2100, Current Mhz: 1813, Mhz Limit: 2100
Processor Information for processor 9
  Max Mhz: 2100, Current Mhz: 1893, Mhz Limit: 2100
Processor Information for processor 10
  Max Mhz: 2100, Current Mhz: 1813, Mhz Limit: 2100
Processor Information for processor 11
  Max Mhz: 2100, Current Mhz: 1813, Mhz Limit: 2100

Memory: 4k page, system-wide physical 7530M (291M free)
TotalPageFile size 31082M (AvailPageFile size 0M)
current process WorkingSet (physical memory assigned to process): 68M, peak: 791M
current process commit charge ("private bytes"): 1256M, peak: 1259M

vm_info: OpenJDK 64-Bit Server VM (21.0.8+9-LTS) for windows-amd64 JRE (21.0.8+9-LTS), built on 2025-07-15T00:00:00Z by "admin" with MS VC++ 17.7 (VS2022)

END.
